<?xml version="1.0" encoding="UTF-8"?>
<!-- Generated by org.testng.reporters.JUnitReportReporter -->
<testsuite hostname="PICUPCE001421" failures="0" tests="1" name="test.TrialTestCase" time="6.888" errors="0" timestamp="2023-08-03T09:30:02 SGT" skipped="0">
  <testcase classname="test.TrialTestCase" name="sampleTest" time="6.888"/>
  <system-out/>
</testsuite> <!-- test.TrialTestCase -->
