<?xml version="1.0" encoding="UTF-8"?>
<!-- Generated by org.testng.reporters.JUnitReportReporter -->
<testsuite hostname="PICUPCE001421" failures="0" tests="1" name="test.TrialTestCase" time="7.214" errors="0" timestamp="2023-08-04T08:18:54 SGT" skipped="0">
  <testcase classname="test.TrialTestCase" name="sampleTest" time="7.214"/>
  <system-out/>
</testsuite> <!-- test.TrialTestCase -->
