<?xml version="1.0" encoding="UTF-8"?>
<!-- Generated by org.testng.reporters.JUnitReportReporter -->
<testsuite hostname="PICUPCE001421" failures="0" tests="1" name="test.Trial" time="5.746" errors="0" timestamp="2023-06-27T14:44:30 SGT" skipped="0">
  <testcase classname="test.Trial" name="sampleTest" time="5.746"/>
  <system-out/>
</testsuite> <!-- test.Trial -->
