<?xml version="1.0" encoding="UTF-8"?>
<!-- Generated by org.testng.reporters.JUnitReportReporter -->
<testsuite hostname="Glenns-Mac-mini.local" failures="0" tests="1" name="test.Trial" time="6.019" errors="0" timestamp="2023-07-29T21:09:17 PST" skipped="0">
  <testcase classname="test.Trial" name="sampleTest" time="6.019"/>
</testsuite> <!-- test.Trial -->
