<?xml version="1.0" encoding="UTF-8"?>
<!-- Generated by org.testng.reporters.JUnitReportReporter -->
<testsuite hostname="Glenns-Mac-mini.local" failures="0" tests="1" name="test.TrialTestCase" time="7.224" errors="0" timestamp="2023-07-30T16:45:56 PST" skipped="0">
  <testcase classname="test.TrialTestCase" name="sampleTest" time="7.224"/>
</testsuite> <!-- test.TrialTestCase -->
